[2017-04-12 08:59:49.04753]  Route::setDefaultRoutes() Start
[2017-04-12 08:59:49.04827]  Route::setDefaultRoutes() controller:Base
[2017-04-12 08:59:49.04839]  Route::setDefaultRoutes() uri:/Base/index/
[2017-04-12 08:59:49.04875]  Route::setDefaultRoutes() uri:/Base/new/ID
[2017-04-12 08:59:49.04912]  Route::setDefaultRoutes() uri:/Base/edit/ID
[2017-04-12 08:59:49.05068]  Route::setDefaultRoutes() uri:/Base/create/
[2017-04-12 08:59:49.05133]  Route::setDefaultRoutes() uri:/Base/confirm/
[2017-04-12 08:59:49.05157]  Route::setDefaultRoutes() uri:/Base/show/ID
[2017-04-12 08:59:49.05193]  Route::setDefaultRoutes() uri:/Base/delete/ID
[2017-04-12 08:59:49.05229]  Route::setDefaultRoutes() controller:Books
[2017-04-12 08:59:49.05267]  Route::setDefaultRoutes() uri:/Books/index/
[2017-04-12 08:59:49.05307]  Route::setDefaultRoutes() uri:/Books/new/ID
[2017-04-12 08:59:49.05337]  Route::setDefaultRoutes() uri:/Books/edit/ID
[2017-04-12 08:59:49.05374]  Route::setDefaultRoutes() uri:/Books/create/
[2017-04-12 08:59:49.05411]  Route::setDefaultRoutes() uri:/Books/confirm/
[2017-04-12 08:59:49.05453]  Route::setDefaultRoutes() uri:/Books/show/ID
[2017-04-12 08:59:49.05485]  Route::setDefaultRoutes() uri:/Books/delete/ID
[2017-04-12 08:59:49.05518]  Route::setDefaultRoutes() controller:Default
[2017-04-12 08:59:49.05554]  Route::setDefaultRoutes() uri:/Default/index/
[2017-04-12 08:59:49.05592]  Route::setDefaultRoutes() uri:/Default/new/ID
[2017-04-12 08:59:49.05629]  Route::setDefaultRoutes() uri:/Default/edit/ID
[2017-04-12 08:59:49.05664]  Route::setDefaultRoutes() uri:/Default/create/
[2017-04-12 08:59:49.05699]  Route::setDefaultRoutes() uri:/Default/confirm/
[2017-04-12 08:59:49.05735]  Route::setDefaultRoutes() uri:/Default/show/ID
[2017-04-12 08:59:49.05771]  Route::setDefaultRoutes() uri:/Default/delete/ID
[2017-04-12 08:59:49.05807]  Route::setDefaultRoutes() controller:Users
[2017-04-12 08:59:49.05843]  Route::setDefaultRoutes() uri:/Users/index/
[2017-04-12 08:59:49.00588]  Route::setDefaultRoutes() uri:/Users/new/ID
[2017-04-12 08:59:49.05921]  Route::setDefaultRoutes() uri:/Users/edit/ID
[2017-04-12 08:59:49.05959]  Route::setDefaultRoutes() uri:/Users/create/
[2017-04-12 08:59:49.05995]  Route::setDefaultRoutes() uri:/Users/confirm/
[2017-04-12 08:59:49.00603]  Route::setDefaultRoutes() uri:/Users/show/ID
[2017-04-12 08:59:49.06068]  Route::setDefaultRoutes() uri:/Users/delete/ID
[2017-04-12 08:59:49.06104]  Route::setDefaultRoutes() setRoute
[2017-04-12 08:59:49.06138]  Route::setDefaultRoutes() setRoute
[2017-04-12 08:59:49.06228]  Dispatcher::__construct()
[2017-04-12 08:59:49.06248]  ENV:Array
(
    [USER] => satokadumasa
    [HOME] => /Users/satokadumasa
    [FCGI_ROLE] => RESPONDER
    [SCRIPT_FILENAME] => /Users/satokadumasa/Project/PHP/strangerphp/public/index.php
    [QUERY_STRING] => 
    [REQUEST_METHOD] => GET
    [CONTENT_TYPE] => 
    [CONTENT_LENGTH] => 
    [SCRIPT_NAME] => /index.php
    [REQUEST_URI] => /Books/index/
    [DOCUMENT_URI] => /index.php
    [DOCUMENT_ROOT] => /Users/satokadumasa/Project/PHP/strangerphp/public
    [SERVER_PROTOCOL] => HTTP/1.1
    [REQUEST_SCHEME] => http
    [GATEWAY_INTERFACE] => CGI/1.1
    [SERVER_SOFTWARE] => nginx/1.10.1
    [REMOTE_ADDR] => 127.0.0.1
    [REMOTE_PORT] => 61749
    [SERVER_ADDR] => 127.0.0.1
    [SERVER_PORT] => 80
    [SERVER_NAME] => cinnamon.example.com
    [REDIRECT_STATUS] => 200
    [HTTP_HOST] => cinnamon.example.com
    [HTTP_CONNECTION] => keep-alive
    [HTTP_CACHE_CONTROL] => max-age=0
    [HTTP_UPGRADE_INSECURE_REQUESTS] => 1
    [HTTP_USER_AGENT] => Mozilla/5.0 (Macintosh; Intel Mac OS X 10_12_3) AppleWebKit/537.36 (KHTML, like Gecko) Chrome/57.0.2987.133 Safari/537.36
    [HTTP_ACCEPT] => text/html,application/xhtml+xml,application/xml;q=0.9,image/webp,*/*;q=0.8
    [HTTP_ACCEPT_ENCODING] => gzip, deflate, sdch
    [HTTP_ACCEPT_LANGUAGE] => ja,en-US;q=0.8,en;q=0.6
    [PHP_SELF] => /index.php
    [REQUEST_TIME_FLOAT] => 1491955189.3954
    [REQUEST_TIME] => 1491955189
)

[2017-04-12 08:59:49.06276]  routes:Route Object
(
    [route] => Array
        (
            [/Base/index/] => Array
                (
                    [controller] => BaseController
                    [action] => index
                )

            [/Base/new/ID] => Array
                (
                    [controller] => BaseController
                    [action] => new
                )

            [/Base/edit/ID] => Array
                (
                    [controller] => BaseController
                    [action] => edit
                )

            [/Base/create/] => Array
                (
                    [controller] => BaseController
                    [action] => create
                )

            [/Base/confirm/] => Array
                (
                    [controller] => BaseController
                    [action] => confirm
                )

            [/Base/show/ID] => Array
                (
                    [controller] => BaseController
                    [action] => show
                )

            [/Base/delete/ID] => Array
                (
                    [controller] => BaseController
                    [action] => delete
                )

            [/Books/index/] => Array
                (
                    [controller] => BooksController
                    [action] => index
                )

            [/Books/new/ID] => Array
                (
                    [controller] => BooksController
                    [action] => new
                )

            [/Books/edit/ID] => Array
                (
                    [controller] => BooksController
                    [action] => edit
                )

            [/Books/create/] => Array
                (
                    [controller] => BooksController
                    [action] => create
                )

            [/Books/confirm/] => Array
                (
                    [controller] => BooksController
                    [action] => confirm
                )

            [/Books/show/ID] => Array
                (
                    [controller] => BooksController
                    [action] => show
                )

            [/Books/delete/ID] => Array
                (
                    [controller] => BooksController
                    [action] => delete
                )

            [/Default/index/] => Array
                (
                    [controller] => DefaultController
                    [action] => index
                )

            [/Default/new/ID] => Array
                (
                    [controller] => DefaultController
                    [action] => new
                )

            [/Default/edit/ID] => Array
                (
                    [controller] => DefaultController
                    [action] => edit
                )

            [/Default/create/] => Array
                (
                    [controller] => DefaultController
                    [action] => create
                )

            [/Default/confirm/] => Array
                (
                    [controller] => DefaultController
                    [action] => confirm
                )

            [/Default/show/ID] => Array
                (
                    [controller] => DefaultController
                    [action] => show
                )

            [/Default/delete/ID] => Array
                (
                    [controller] => DefaultController
                    [action] => delete
                )

            [/Users/index/] => Array
                (
                    [controller] => UsersController
                    [action] => index
                )

            [/Users/new/ID] => Array
                (
                    [controller] => UsersController
                    [action] => new
                )

            [/Users/edit/ID] => Array
                (
                    [controller] => UsersController
                    [action] => edit
                )

            [/Users/create/] => Array
                (
                    [controller] => UsersController
                    [action] => create
                )

            [/Users/confirm/] => Array
                (
                    [controller] => UsersController
                    [action] => confirm
                )

            [/Users/show/ID] => Array
                (
                    [controller] => UsersController
                    [action] => show
                )

            [/Users/delete/ID] => Array
                (
                    [controller] => UsersController
                    [action] => delete
                )

            [/Users/search/] => Array
                (
                    [controller] => Users
                    [action] => search
                )

        )

    [default_actions:Route:private] => Array
        (
            [0] => index
            [1] => new
            [2] => edit
            [3] => create
            [4] => confirm
            [5] => show
            [6] => delete
        )

    [default_need_id_actions:Route:private] => Array
        (
            [0] => new
            [1] => edit
            [2] => show
            [3] => delete
        )

    [url_not_found:Route:private] => Array
        (
            [controller] => DefaultController
            [action] => index
        )

    [error_log] => Logger Object
        (
            [log_file:Logger:private] => /Users/satokadumasa/Project/PHP/strangerphp/logs/ERROR_20170412.log
            [log_level:Logger:private] => ERROR
        )

    [info_log] => Logger Object
        (
            [log_file:Logger:private] => /Users/satokadumasa/Project/PHP/strangerphp/logs/INFO_20170412.log
            [log_level:Logger:private] => INFO
        )

    [debug] => Logger Object
        (
            [log_file:Logger:private] => /Users/satokadumasa/Project/PHP/strangerphp/logs/DEBUG_20170412.log
            [log_level:Logger:private] => DEBUG
        )

    [CONV_STRING_LIST:Route:private] => Array
        (
            [ID] => \d
            [YEAR] => \d{4}
            [MONTH] => \d{2}
            [0] => MDAY
            [1] => \d{2}
        )

)

[2017-04-12 08:59:49.06294]  Route::findRoute() url:/Books/index/
[2017-04-12 08:59:49.06373]  Route::findRoute() value:\/Books\/index\/>>>>value:Array
(
    [controller] => BooksController
    [action] => index
    [uri] => /Books/index/
)

[2017-04-12 08:59:49.06384]  Dispatcher::__construct() controller:BooksController:
[2017-04-12 08:59:49.06416]  Dispatcher::__construct() POST:Array
(
)
:
[2017-04-12 08:59:49.06454]  Dispatcher::__construct() GET:Array
(
)
:
[2017-04-12 08:59:49.06492]  Dispatcher::__construct() route:Array
(
    [controller] => BooksController
    [action] => index
    [uri] => /Books/index/
)
:
[2017-04-12 08:59:49.06641]  DbConnect::createConnection() dsn:mysql:host=localhost;dbname=cinnamon;charset=utf8
[2017-04-12 08:59:49.06651]  DbConnect::createConnection() username:root
[2017-04-12 08:59:49.06681]  DbConnect::createConnection() password:glxre297
[2017-04-12 08:59:49.07225]  BaseController::getRequestValues() requestArray
(
)

[2017-04-12 08:59:49.07301]  BooksController::index()
[2017-04-12 09:00:33.02735]  Route::setDefaultRoutes() Start
[2017-04-12 09:00:33.00275]  Route::setDefaultRoutes() controller:Base
[2017-04-12 09:00:33.02776]  Route::setDefaultRoutes() uri:/Base/index/
[2017-04-12 09:00:33.02817]  Route::setDefaultRoutes() uri:/Base/new/ID
[2017-04-12 09:00:33.02855]  Route::setDefaultRoutes() uri:/Base/edit/ID
[2017-04-12 09:00:33.02888]  Route::setDefaultRoutes() uri:/Base/create/
[2017-04-12 09:00:33.02925]  Route::setDefaultRoutes() uri:/Base/confirm/
[2017-04-12 09:00:33.02962]  Route::setDefaultRoutes() uri:/Base/show/ID
[2017-04-12 09:00:33.03005]  Route::setDefaultRoutes() uri:/Base/delete/ID
[2017-04-12 09:00:33.03067]  Route::setDefaultRoutes() controller:Books
[2017-04-12 09:00:33.03104]  Route::setDefaultRoutes() uri:/Books/index/
[2017-04-12 09:00:33.00314]  Route::setDefaultRoutes() uri:/Books/new/ID
[2017-04-12 09:00:33.03178]  Route::setDefaultRoutes() uri:/Books/edit/ID
[2017-04-12 09:00:33.03213]  Route::setDefaultRoutes() uri:/Books/create/
[2017-04-12 09:00:33.03249]  Route::setDefaultRoutes() uri:/Books/confirm/
[2017-04-12 09:00:33.03285]  Route::setDefaultRoutes() uri:/Books/show/ID
[2017-04-12 09:00:33.03324]  Route::setDefaultRoutes() uri:/Books/delete/ID
[2017-04-12 09:00:33.00336]  Route::setDefaultRoutes() controller:Default
[2017-04-12 09:00:33.03397]  Route::setDefaultRoutes() uri:/Default/index/
[2017-04-12 09:00:33.03434]  Route::setDefaultRoutes() uri:/Default/new/ID
[2017-04-12 09:00:33.00347]  Route::setDefaultRoutes() uri:/Default/edit/ID
[2017-04-12 09:00:33.03507]  Route::setDefaultRoutes() uri:/Default/create/
[2017-04-12 09:00:33.03543]  Route::setDefaultRoutes() uri:/Default/confirm/
[2017-04-12 09:00:33.03579]  Route::setDefaultRoutes() uri:/Default/show/ID
[2017-04-12 09:00:33.03615]  Route::setDefaultRoutes() uri:/Default/delete/ID
[2017-04-12 09:00:33.03653]  Route::setDefaultRoutes() controller:Users
[2017-04-12 09:00:33.00369]  Route::setDefaultRoutes() uri:/Users/index/
[2017-04-12 09:00:33.03726]  Route::setDefaultRoutes() uri:/Users/new/ID
[2017-04-12 09:00:33.03764]  Route::setDefaultRoutes() uri:/Users/edit/ID
[2017-04-12 09:00:33.03803]  Route::setDefaultRoutes() uri:/Users/create/
[2017-04-12 09:00:33.00384]  Route::setDefaultRoutes() uri:/Users/confirm/
[2017-04-12 09:00:33.00388]  Route::setDefaultRoutes() uri:/Users/show/ID
[2017-04-12 09:00:33.03917]  Route::setDefaultRoutes() uri:/Users/delete/ID
[2017-04-12 09:00:33.03953]  Route::setDefaultRoutes() setRoute
[2017-04-12 09:00:33.03992]  Route::setDefaultRoutes() setRoute
[2017-04-12 09:00:33.04041]  Dispatcher::__construct()
[2017-04-12 09:00:33.04066]  ENV:Array
(
    [USER] => satokadumasa
    [HOME] => /Users/satokadumasa
    [FCGI_ROLE] => RESPONDER
    [SCRIPT_FILENAME] => /Users/satokadumasa/Project/PHP/strangerphp/public/index.php
    [QUERY_STRING] => 
    [REQUEST_METHOD] => GET
    [CONTENT_TYPE] => 
    [CONTENT_LENGTH] => 
    [SCRIPT_NAME] => /index.php
    [REQUEST_URI] => /Books/index/
    [DOCUMENT_URI] => /index.php
    [DOCUMENT_ROOT] => /Users/satokadumasa/Project/PHP/strangerphp/public
    [SERVER_PROTOCOL] => HTTP/1.1
    [REQUEST_SCHEME] => http
    [GATEWAY_INTERFACE] => CGI/1.1
    [SERVER_SOFTWARE] => nginx/1.10.1
    [REMOTE_ADDR] => 127.0.0.1
    [REMOTE_PORT] => 61749
    [SERVER_ADDR] => 127.0.0.1
    [SERVER_PORT] => 80
    [SERVER_NAME] => cinnamon.example.com
    [REDIRECT_STATUS] => 200
    [HTTP_HOST] => cinnamon.example.com
    [HTTP_CONNECTION] => keep-alive
    [HTTP_CACHE_CONTROL] => max-age=0
    [HTTP_UPGRADE_INSECURE_REQUESTS] => 1
    [HTTP_USER_AGENT] => Mozilla/5.0 (Macintosh; Intel Mac OS X 10_12_3) AppleWebKit/537.36 (KHTML, like Gecko) Chrome/57.0.2987.133 Safari/537.36
    [HTTP_ACCEPT] => text/html,application/xhtml+xml,application/xml;q=0.9,image/webp,*/*;q=0.8
    [HTTP_ACCEPT_ENCODING] => gzip, deflate, sdch
    [HTTP_ACCEPT_LANGUAGE] => ja,en-US;q=0.8,en;q=0.6
    [PHP_SELF] => /index.php
    [REQUEST_TIME_FLOAT] => 1491955233.267
    [REQUEST_TIME] => 1491955233
)

[2017-04-12 09:00:33.04107]  routes:Route Object
(
    [route] => Array
        (
            [/Base/index/] => Array
                (
                    [controller] => BaseController
                    [action] => index
                )

            [/Base/new/ID] => Array
                (
                    [controller] => BaseController
                    [action] => new
                )

            [/Base/edit/ID] => Array
                (
                    [controller] => BaseController
                    [action] => edit
                )

            [/Base/create/] => Array
                (
                    [controller] => BaseController
                    [action] => create
                )

            [/Base/confirm/] => Array
                (
                    [controller] => BaseController
                    [action] => confirm
                )

            [/Base/show/ID] => Array
                (
                    [controller] => BaseController
                    [action] => show
                )

            [/Base/delete/ID] => Array
                (
                    [controller] => BaseController
                    [action] => delete
                )

            [/Books/index/] => Array
                (
                    [controller] => BooksController
                    [action] => index
                )

            [/Books/new/ID] => Array
                (
                    [controller] => BooksController
                    [action] => new
                )

            [/Books/edit/ID] => Array
                (
                    [controller] => BooksController
                    [action] => edit
                )

            [/Books/create/] => Array
                (
                    [controller] => BooksController
                    [action] => create
                )

            [/Books/confirm/] => Array
                (
                    [controller] => BooksController
                    [action] => confirm
                )

            [/Books/show/ID] => Array
                (
                    [controller] => BooksController
                    [action] => show
                )

            [/Books/delete/ID] => Array
                (
                    [controller] => BooksController
                    [action] => delete
                )

            [/Default/index/] => Array
                (
                    [controller] => DefaultController
                    [action] => index
                )

            [/Default/new/ID] => Array
                (
                    [controller] => DefaultController
                    [action] => new
                )

            [/Default/edit/ID] => Array
                (
                    [controller] => DefaultController
                    [action] => edit
                )

            [/Default/create/] => Array
                (
                    [controller] => DefaultController
                    [action] => create
                )

            [/Default/confirm/] => Array
                (
                    [controller] => DefaultController
                    [action] => confirm
                )

            [/Default/show/ID] => Array
                (
                    [controller] => DefaultController
                    [action] => show
                )

            [/Default/delete/ID] => Array
                (
                    [controller] => DefaultController
                    [action] => delete
                )

            [/Users/index/] => Array
                (
                    [controller] => UsersController
                    [action] => index
                )

            [/Users/new/ID] => Array
                (
                    [controller] => UsersController
                    [action] => new
                )

            [/Users/edit/ID] => Array
                (
                    [controller] => UsersController
                    [action] => edit
                )

            [/Users/create/] => Array
                (
                    [controller] => UsersController
                    [action] => create
                )

            [/Users/confirm/] => Array
                (
                    [controller] => UsersController
                    [action] => confirm
                )

            [/Users/show/ID] => Array
                (
                    [controller] => UsersController
                    [action] => show
                )

            [/Users/delete/ID] => Array
                (
                    [controller] => UsersController
                    [action] => delete
                )

            [/Users/search/] => Array
                (
                    [controller] => Users
                    [action] => search
                )

        )

    [default_actions:Route:private] => Array
        (
            [0] => index
            [1] => new
            [2] => edit
            [3] => create
            [4] => confirm
            [5] => show
            [6] => delete
        )

    [default_need_id_actions:Route:private] => Array
        (
            [0] => new
            [1] => edit
            [2] => show
            [3] => delete
        )

    [url_not_found:Route:private] => Array
        (
            [controller] => DefaultController
            [action] => index
        )

    [error_log] => Logger Object
        (
            [log_file:Logger:private] => /Users/satokadumasa/Project/PHP/strangerphp/logs/ERROR_20170412.log
            [log_level:Logger:private] => ERROR
        )

    [info_log] => Logger Object
        (
            [log_file:Logger:private] => /Users/satokadumasa/Project/PHP/strangerphp/logs/INFO_20170412.log
            [log_level:Logger:private] => INFO
        )

    [debug] => Logger Object
        (
            [log_file:Logger:private] => /Users/satokadumasa/Project/PHP/strangerphp/logs/DEBUG_20170412.log
            [log_level:Logger:private] => DEBUG
        )

    [CONV_STRING_LIST:Route:private] => Array
        (
            [ID] => \d
            [YEAR] => \d{4}
            [MONTH] => \d{2}
            [0] => MDAY
            [1] => \d{2}
        )

)

[2017-04-12 09:00:33.04144]  Route::findRoute() url:/Books/index/
[2017-04-12 09:00:33.04189]  Route::findRoute() value:\/Books\/index\/>>>>value:Array
(
    [controller] => BooksController
    [action] => index
    [uri] => /Books/index/
)

[2017-04-12 09:00:33.04227]  Dispatcher::__construct() controller:BooksController:
[2017-04-12 09:00:33.04265]  Dispatcher::__construct() POST:Array
(
)
:
[2017-04-12 09:00:33.04305]  Dispatcher::__construct() GET:Array
(
)
:
[2017-04-12 09:00:33.04345]  Dispatcher::__construct() route:Array
(
    [controller] => BooksController
    [action] => index
    [uri] => /Books/index/
)
:
[2017-04-12 09:00:33.04405]  DbConnect::createConnection() dsn:mysql:host=localhost;dbname=cinnamon;charset=utf8
[2017-04-12 09:00:33.04426]  DbConnect::createConnection() username:root
[2017-04-12 09:00:33.04467]  DbConnect::createConnection() password:glxre297
[2017-04-12 09:00:33.04521]  BaseController::getRequestValues() requestArray
(
)

[2017-04-12 09:00:33.04549]  BooksController::index()
[2017-04-12 09:01:23.07065]  Route::setDefaultRoutes() Start
[2017-04-12 09:01:23.07091]  Route::setDefaultRoutes() controller:Base
[2017-04-12 09:01:23.07116]  Route::setDefaultRoutes() uri:/Base/index/
[2017-04-12 09:01:23.07151]  Route::setDefaultRoutes() uri:/Base/new/ID
[2017-04-12 09:01:23.07188]  Route::setDefaultRoutes() uri:/Base/edit/ID
[2017-04-12 09:01:23.07225]  Route::setDefaultRoutes() uri:/Base/create/
[2017-04-12 09:01:23.07258]  Route::setDefaultRoutes() uri:/Base/confirm/
[2017-04-12 09:01:23.07298]  Route::setDefaultRoutes() uri:/Base/show/ID
[2017-04-12 09:01:23.07336]  Route::setDefaultRoutes() uri:/Base/delete/ID
[2017-04-12 09:01:23.07373]  Route::setDefaultRoutes() controller:Books
[2017-04-12 09:01:23.07412]  Route::setDefaultRoutes() uri:/Books/index/
[2017-04-12 09:01:23.07472]  Route::setDefaultRoutes() uri:/Books/new/ID
[2017-04-12 09:01:23.00751]  Route::setDefaultRoutes() uri:/Books/edit/ID
[2017-04-12 09:01:23.07546]  Route::setDefaultRoutes() uri:/Books/create/
[2017-04-12 09:01:23.07576]  Route::setDefaultRoutes() uri:/Books/confirm/
[2017-04-12 09:01:23.07617]  Route::setDefaultRoutes() uri:/Books/show/ID
[2017-04-12 09:01:23.07654]  Route::setDefaultRoutes() uri:/Books/delete/ID
[2017-04-12 09:01:23.07684]  Route::setDefaultRoutes() controller:Default
[2017-04-12 09:01:23.07736]  Route::setDefaultRoutes() uri:/Default/index/
[2017-04-12 09:01:23.07779]  Route::setDefaultRoutes() uri:/Default/new/ID
[2017-04-12 09:01:23.07813]  Route::setDefaultRoutes() uri:/Default/edit/ID
[2017-04-12 09:01:23.07849]  Route::setDefaultRoutes() uri:/Default/create/
[2017-04-12 09:01:23.07887]  Route::setDefaultRoutes() uri:/Default/confirm/
[2017-04-12 09:01:23.07924]  Route::setDefaultRoutes() uri:/Default/show/ID
[2017-04-12 09:01:23.07969]  Route::setDefaultRoutes() uri:/Default/delete/ID
[2017-04-12 09:01:23.08009]  Route::setDefaultRoutes() controller:Users
[2017-04-12 09:01:23.08049]  Route::setDefaultRoutes() uri:/Users/index/
[2017-04-12 09:01:23.08086]  Route::setDefaultRoutes() uri:/Users/new/ID
[2017-04-12 09:01:23.08124]  Route::setDefaultRoutes() uri:/Users/edit/ID
[2017-04-12 09:01:23.08165]  Route::setDefaultRoutes() uri:/Users/create/
[2017-04-12 09:01:23.00821]  Route::setDefaultRoutes() uri:/Users/confirm/
[2017-04-12 09:01:23.08249]  Route::setDefaultRoutes() uri:/Users/show/ID
[2017-04-12 09:01:23.08287]  Route::setDefaultRoutes() uri:/Users/delete/ID
[2017-04-12 09:01:23.08323]  Route::setDefaultRoutes() setRoute
[2017-04-12 09:01:23.00839]  Route::setDefaultRoutes() setRoute
[2017-04-12 09:01:23.08426]  Dispatcher::__construct()
[2017-04-12 09:01:23.08457]  ENV:Array
(
    [USER] => satokadumasa
    [HOME] => /Users/satokadumasa
    [FCGI_ROLE] => RESPONDER
    [SCRIPT_FILENAME] => /Users/satokadumasa/Project/PHP/strangerphp/public/index.php
    [QUERY_STRING] => 
    [REQUEST_METHOD] => GET
    [CONTENT_TYPE] => 
    [CONTENT_LENGTH] => 
    [SCRIPT_NAME] => /index.php
    [REQUEST_URI] => /Books/index/
    [DOCUMENT_URI] => /index.php
    [DOCUMENT_ROOT] => /Users/satokadumasa/Project/PHP/strangerphp/public
    [SERVER_PROTOCOL] => HTTP/1.1
    [REQUEST_SCHEME] => http
    [GATEWAY_INTERFACE] => CGI/1.1
    [SERVER_SOFTWARE] => nginx/1.10.1
    [REMOTE_ADDR] => 127.0.0.1
    [REMOTE_PORT] => 61749
    [SERVER_ADDR] => 127.0.0.1
    [SERVER_PORT] => 80
    [SERVER_NAME] => cinnamon.example.com
    [REDIRECT_STATUS] => 200
    [HTTP_HOST] => cinnamon.example.com
    [HTTP_CONNECTION] => keep-alive
    [HTTP_CACHE_CONTROL] => max-age=0
    [HTTP_UPGRADE_INSECURE_REQUESTS] => 1
    [HTTP_USER_AGENT] => Mozilla/5.0 (Macintosh; Intel Mac OS X 10_12_3) AppleWebKit/537.36 (KHTML, like Gecko) Chrome/57.0.2987.133 Safari/537.36
    [HTTP_ACCEPT] => text/html,application/xhtml+xml,application/xml;q=0.9,image/webp,*/*;q=0.8
    [HTTP_ACCEPT_ENCODING] => gzip, deflate, sdch
    [HTTP_ACCEPT_LANGUAGE] => ja,en-US;q=0.8,en;q=0.6
    [PHP_SELF] => /index.php
    [REQUEST_TIME_FLOAT] => 1491955283.7013
    [REQUEST_TIME] => 1491955283
)

[2017-04-12 09:01:23.08494]  routes:Route Object
(
    [route] => Array
        (
            [/Base/index/] => Array
                (
                    [controller] => BaseController
                    [action] => index
                )

            [/Base/new/ID] => Array
                (
                    [controller] => BaseController
                    [action] => new
                )

            [/Base/edit/ID] => Array
                (
                    [controller] => BaseController
                    [action] => edit
                )

            [/Base/create/] => Array
                (
                    [controller] => BaseController
                    [action] => create
                )

            [/Base/confirm/] => Array
                (
                    [controller] => BaseController
                    [action] => confirm
                )

            [/Base/show/ID] => Array
                (
                    [controller] => BaseController
                    [action] => show
                )

            [/Base/delete/ID] => Array
                (
                    [controller] => BaseController
                    [action] => delete
                )

            [/Books/index/] => Array
                (
                    [controller] => BooksController
                    [action] => index
                )

            [/Books/new/ID] => Array
                (
                    [controller] => BooksController
                    [action] => new
                )

            [/Books/edit/ID] => Array
                (
                    [controller] => BooksController
                    [action] => edit
                )

            [/Books/create/] => Array
                (
                    [controller] => BooksController
                    [action] => create
                )

            [/Books/confirm/] => Array
                (
                    [controller] => BooksController
                    [action] => confirm
                )

            [/Books/show/ID] => Array
                (
                    [controller] => BooksController
                    [action] => show
                )

            [/Books/delete/ID] => Array
                (
                    [controller] => BooksController
                    [action] => delete
                )

            [/Default/index/] => Array
                (
                    [controller] => DefaultController
                    [action] => index
                )

            [/Default/new/ID] => Array
                (
                    [controller] => DefaultController
                    [action] => new
                )

            [/Default/edit/ID] => Array
                (
                    [controller] => DefaultController
                    [action] => edit
                )

            [/Default/create/] => Array
                (
                    [controller] => DefaultController
                    [action] => create
                )

            [/Default/confirm/] => Array
                (
                    [controller] => DefaultController
                    [action] => confirm
                )

            [/Default/show/ID] => Array
                (
                    [controller] => DefaultController
                    [action] => show
                )

            [/Default/delete/ID] => Array
                (
                    [controller] => DefaultController
                    [action] => delete
                )

            [/Users/index/] => Array
                (
                    [controller] => UsersController
                    [action] => index
                )

            [/Users/new/ID] => Array
                (
                    [controller] => UsersController
                    [action] => new
                )

            [/Users/edit/ID] => Array
                (
                    [controller] => UsersController
                    [action] => edit
                )

            [/Users/create/] => Array
                (
                    [controller] => UsersController
                    [action] => create
                )

            [/Users/confirm/] => Array
                (
                    [controller] => UsersController
                    [action] => confirm
                )

            [/Users/show/ID] => Array
                (
                    [controller] => UsersController
                    [action] => show
                )

            [/Users/delete/ID] => Array
                (
                    [controller] => UsersController
                    [action] => delete
                )

            [/Users/search/] => Array
                (
                    [controller] => Users
                    [action] => search
                )

        )

    [default_actions:Route:private] => Array
        (
            [0] => index
            [1] => new
            [2] => edit
            [3] => create
            [4] => confirm
            [5] => show
            [6] => delete
        )

    [default_need_id_actions:Route:private] => Array
        (
            [0] => new
            [1] => edit
            [2] => show
            [3] => delete
        )

    [url_not_found:Route:private] => Array
        (
            [controller] => DefaultController
            [action] => index
        )

    [error_log] => Logger Object
        (
            [log_file:Logger:private] => /Users/satokadumasa/Project/PHP/strangerphp/logs/ERROR_20170412.log
            [log_level:Logger:private] => ERROR
        )

    [info_log] => Logger Object
        (
            [log_file:Logger:private] => /Users/satokadumasa/Project/PHP/strangerphp/logs/INFO_20170412.log
            [log_level:Logger:private] => INFO
        )

    [debug] => Logger Object
        (
            [log_file:Logger:private] => /Users/satokadumasa/Project/PHP/strangerphp/logs/DEBUG_20170412.log
            [log_level:Logger:private] => DEBUG
        )

    [CONV_STRING_LIST:Route:private] => Array
        (
            [ID] => \d
            [YEAR] => \d{4}
            [MONTH] => \d{2}
            [0] => MDAY
            [1] => \d{2}
        )

)

[2017-04-12 09:01:23.08531]  Route::findRoute() url:/Books/index/
[2017-04-12 09:01:23.08571]  Route::findRoute() value:\/Books\/index\/>>>>value:Array
(
    [controller] => BooksController
    [action] => index
    [uri] => /Books/index/
)

[2017-04-12 09:01:23.08604]  Dispatcher::__construct() controller:BooksController:
[2017-04-12 09:01:23.00864]  Dispatcher::__construct() POST:Array
(
)
:
[2017-04-12 09:01:23.08676]  Dispatcher::__construct() GET:Array
(
)
:
[2017-04-12 09:01:23.08714]  Dispatcher::__construct() route:Array
(
    [controller] => BooksController
    [action] => index
    [uri] => /Books/index/
)
:
[2017-04-12 09:01:23.08762]  DbConnect::createConnection() dsn:mysql:host=localhost;dbname=cinnamon;charset=utf8
[2017-04-12 09:01:23.08784]  DbConnect::createConnection() username:root
[2017-04-12 09:01:23.08822]  DbConnect::createConnection() password:glxre297
[2017-04-12 09:01:23.08864]  BaseController::getRequestValues() requestArray
(
)

[2017-04-12 09:01:23.08894]  BooksController::index()
[2017-04-12 09:01:37.05589]  Route::setDefaultRoutes() Start
[2017-04-12 09:01:37.05624]  Route::setDefaultRoutes() controller:Base
[2017-04-12 09:01:37.05655]  Route::setDefaultRoutes() uri:/Base/index/
[2017-04-12 09:01:37.05709]  Route::setDefaultRoutes() uri:/Base/new/ID
[2017-04-12 09:01:37.05751]  Route::setDefaultRoutes() uri:/Base/edit/ID
[2017-04-12 09:01:37.05785]  Route::setDefaultRoutes() uri:/Base/create/
[2017-04-12 09:01:37.05822]  Route::setDefaultRoutes() uri:/Base/confirm/
[2017-04-12 09:01:37.05857]  Route::setDefaultRoutes() uri:/Base/show/ID
[2017-04-12 09:01:37.05899]  Route::setDefaultRoutes() uri:/Base/delete/ID
[2017-04-12 09:01:37.05935]  Route::setDefaultRoutes() controller:Books
[2017-04-12 09:01:37.05976]  Route::setDefaultRoutes() uri:/Books/index/
[2017-04-12 09:01:37.06015]  Route::setDefaultRoutes() uri:/Books/new/ID
[2017-04-12 09:01:37.06057]  Route::setDefaultRoutes() uri:/Books/edit/ID
[2017-04-12 09:01:37.06097]  Route::setDefaultRoutes() uri:/Books/create/
[2017-04-12 09:01:37.06141]  Route::setDefaultRoutes() uri:/Books/confirm/
[2017-04-12 09:01:37.06183]  Route::setDefaultRoutes() uri:/Books/show/ID
[2017-04-12 09:01:37.06215]  Route::setDefaultRoutes() uri:/Books/delete/ID
[2017-04-12 09:01:37.00626]  Route::setDefaultRoutes() controller:Default
[2017-04-12 09:01:37.06294]  Route::setDefaultRoutes() uri:/Default/index/
[2017-04-12 09:01:37.00633]  Route::setDefaultRoutes() uri:/Default/new/ID
[2017-04-12 09:01:37.06368]  Route::setDefaultRoutes() uri:/Default/edit/ID
[2017-04-12 09:01:37.06405]  Route::setDefaultRoutes() uri:/Default/create/
[2017-04-12 09:01:37.06451]  Route::setDefaultRoutes() uri:/Default/confirm/
[2017-04-12 09:01:37.06493]  Route::setDefaultRoutes() uri:/Default/show/ID
[2017-04-12 09:01:37.06531]  Route::setDefaultRoutes() uri:/Default/delete/ID
[2017-04-12 09:01:37.06594]  Route::setDefaultRoutes() controller:Users
[2017-04-12 09:01:37.06634]  Route::setDefaultRoutes() uri:/Users/index/
[2017-04-12 09:01:37.06671]  Route::setDefaultRoutes() uri:/Users/new/ID
[2017-04-12 09:01:37.06712]  Route::setDefaultRoutes() uri:/Users/edit/ID
[2017-04-12 09:01:37.06774]  Route::setDefaultRoutes() uri:/Users/create/
[2017-04-12 09:01:37.06817]  Route::setDefaultRoutes() uri:/Users/confirm/
[2017-04-12 09:01:37.06854]  Route::setDefaultRoutes() uri:/Users/show/ID
[2017-04-12 09:01:37.00689]  Route::setDefaultRoutes() uri:/Users/delete/ID
[2017-04-12 09:01:37.06924]  Route::setDefaultRoutes() setRoute
[2017-04-12 09:01:37.06961]  Route::setDefaultRoutes() setRoute
[2017-04-12 09:01:37.07001]  Dispatcher::__construct()
[2017-04-12 09:01:37.07033]  ENV:Array
(
    [USER] => satokadumasa
    [HOME] => /Users/satokadumasa
    [FCGI_ROLE] => RESPONDER
    [SCRIPT_FILENAME] => /Users/satokadumasa/Project/PHP/strangerphp/public/index.php
    [QUERY_STRING] => 
    [REQUEST_METHOD] => GET
    [CONTENT_TYPE] => 
    [CONTENT_LENGTH] => 
    [SCRIPT_NAME] => /index.php
    [REQUEST_URI] => /Books/index/
    [DOCUMENT_URI] => /index.php
    [DOCUMENT_ROOT] => /Users/satokadumasa/Project/PHP/strangerphp/public
    [SERVER_PROTOCOL] => HTTP/1.1
    [REQUEST_SCHEME] => http
    [GATEWAY_INTERFACE] => CGI/1.1
    [SERVER_SOFTWARE] => nginx/1.10.1
    [REMOTE_ADDR] => 127.0.0.1
    [REMOTE_PORT] => 61749
    [SERVER_ADDR] => 127.0.0.1
    [SERVER_PORT] => 80
    [SERVER_NAME] => cinnamon.example.com
    [REDIRECT_STATUS] => 200
    [HTTP_HOST] => cinnamon.example.com
    [HTTP_CONNECTION] => keep-alive
    [HTTP_CACHE_CONTROL] => max-age=0
    [HTTP_UPGRADE_INSECURE_REQUESTS] => 1
    [HTTP_USER_AGENT] => Mozilla/5.0 (Macintosh; Intel Mac OS X 10_12_3) AppleWebKit/537.36 (KHTML, like Gecko) Chrome/57.0.2987.133 Safari/537.36
    [HTTP_ACCEPT] => text/html,application/xhtml+xml,application/xml;q=0.9,image/webp,*/*;q=0.8
    [HTTP_ACCEPT_ENCODING] => gzip, deflate, sdch
    [HTTP_ACCEPT_LANGUAGE] => ja,en-US;q=0.8,en;q=0.6
    [PHP_SELF] => /index.php
    [REQUEST_TIME_FLOAT] => 1491955297.5565
    [REQUEST_TIME] => 1491955297
)

[2017-04-12 09:01:37.07078]  routes:Route Object
(
    [route] => Array
        (
            [/Base/index/] => Array
                (
                    [controller] => BaseController
                    [action] => index
                )

            [/Base/new/ID] => Array
                (
                    [controller] => BaseController
                    [action] => new
                )

            [/Base/edit/ID] => Array
                (
                    [controller] => BaseController
                    [action] => edit
                )

            [/Base/create/] => Array
                (
                    [controller] => BaseController
                    [action] => create
                )

            [/Base/confirm/] => Array
                (
                    [controller] => BaseController
                    [action] => confirm
                )

            [/Base/show/ID] => Array
                (
                    [controller] => BaseController
                    [action] => show
                )

            [/Base/delete/ID] => Array
                (
                    [controller] => BaseController
                    [action] => delete
                )

            [/Books/index/] => Array
                (
                    [controller] => BooksController
                    [action] => index
                )

            [/Books/new/ID] => Array
                (
                    [controller] => BooksController
                    [action] => new
                )

            [/Books/edit/ID] => Array
                (
                    [controller] => BooksController
                    [action] => edit
                )

            [/Books/create/] => Array
                (
                    [controller] => BooksController
                    [action] => create
                )

            [/Books/confirm/] => Array
                (
                    [controller] => BooksController
                    [action] => confirm
                )

            [/Books/show/ID] => Array
                (
                    [controller] => BooksController
                    [action] => show
                )

            [/Books/delete/ID] => Array
                (
                    [controller] => BooksController
                    [action] => delete
                )

            [/Default/index/] => Array
                (
                    [controller] => DefaultController
                    [action] => index
                )

            [/Default/new/ID] => Array
                (
                    [controller] => DefaultController
                    [action] => new
                )

            [/Default/edit/ID] => Array
                (
                    [controller] => DefaultController
                    [action] => edit
                )

            [/Default/create/] => Array
                (
                    [controller] => DefaultController
                    [action] => create
                )

            [/Default/confirm/] => Array
                (
                    [controller] => DefaultController
                    [action] => confirm
                )

            [/Default/show/ID] => Array
                (
                    [controller] => DefaultController
                    [action] => show
                )

            [/Default/delete/ID] => Array
                (
                    [controller] => DefaultController
                    [action] => delete
                )

            [/Users/index/] => Array
                (
                    [controller] => UsersController
                    [action] => index
                )

            [/Users/new/ID] => Array
                (
                    [controller] => UsersController
                    [action] => new
                )

            [/Users/edit/ID] => Array
                (
                    [controller] => UsersController
                    [action] => edit
                )

            [/Users/create/] => Array
                (
                    [controller] => UsersController
                    [action] => create
                )

            [/Users/confirm/] => Array
                (
                    [controller] => UsersController
                    [action] => confirm
                )

            [/Users/show/ID] => Array
                (
                    [controller] => UsersController
                    [action] => show
                )

            [/Users/delete/ID] => Array
                (
                    [controller] => UsersController
                    [action] => delete
                )

            [/Users/search/] => Array
                (
                    [controller] => Users
                    [action] => search
                )

        )

    [default_actions:Route:private] => Array
        (
            [0] => index
            [1] => new
            [2] => edit
            [3] => create
            [4] => confirm
            [5] => show
            [6] => delete
        )

    [default_need_id_actions:Route:private] => Array
        (
            [0] => new
            [1] => edit
            [2] => show
            [3] => delete
        )

    [url_not_found:Route:private] => Array
        (
            [controller] => DefaultController
            [action] => index
        )

    [error_log] => Logger Object
        (
            [log_file:Logger:private] => /Users/satokadumasa/Project/PHP/strangerphp/logs/ERROR_20170412.log
            [log_level:Logger:private] => ERROR
        )

    [info_log] => Logger Object
        (
            [log_file:Logger:private] => /Users/satokadumasa/Project/PHP/strangerphp/logs/INFO_20170412.log
            [log_level:Logger:private] => INFO
        )

    [debug] => Logger Object
        (
            [log_file:Logger:private] => /Users/satokadumasa/Project/PHP/strangerphp/logs/DEBUG_20170412.log
            [log_level:Logger:private] => DEBUG
        )

    [CONV_STRING_LIST:Route:private] => Array
        (
            [ID] => \d
            [YEAR] => \d{4}
            [MONTH] => \d{2}
            [0] => MDAY
            [1] => \d{2}
        )

)

[2017-04-12 09:01:37.07114]  Route::findRoute() url:/Books/index/
[2017-04-12 09:01:37.00715]  Route::findRoute() value:\/Books\/index\/>>>>value:Array
(
    [controller] => BooksController
    [action] => index
    [uri] => /Books/index/
)

[2017-04-12 09:01:37.07187]  Dispatcher::__construct() controller:BooksController:
[2017-04-12 09:01:37.07228]  Dispatcher::__construct() POST:Array
(
)
:
[2017-04-12 09:01:37.07266]  Dispatcher::__construct() GET:Array
(
)
:
[2017-04-12 09:01:37.07303]  Dispatcher::__construct() route:Array
(
    [controller] => BooksController
    [action] => index
    [uri] => /Books/index/
)
:
[2017-04-12 09:01:37.07353]  DbConnect::createConnection() dsn:mysql:host=localhost;dbname=cinnamon;charset=utf8
[2017-04-12 09:01:37.07379]  DbConnect::createConnection() username:root
[2017-04-12 09:01:37.07424]  DbConnect::createConnection() password:glxre297
[2017-04-12 09:01:37.07463]  BaseController::getRequestValues() requestArray
(
)

[2017-04-12 09:01:37.07495]  BooksController::index()
[2017-04-12 09:01:37.07587]  BaseModel::createCondition() sql:SELECT  Book.*, User.* FROM books as Book   INNER JOIN users as User on   User.id = Book.user_id 
[2017-04-12 09:01:37.08079]  BaseModel::find() data:Array
(
    [Book] => Array
        (
            [id] => 5
            [user_id] => 1
            [name] => book1-1
            [created_at] => 2017-04-04 12:33:32
            [modified_at] => 2017-04-04 12:33:32
        )

    [User] => Array
        (
            [id] => 1
            [name] => marin
            [created_at] => 2017-04-04 14:52:09
            [modified_at] => 2017-04-04 14:52:09
        )

)

[2017-04-12 09:01:37.08159]  BaseModel::find() data:Array
(
    [Book] => Array
        (
            [id] => 6
            [user_id] => 1
            [name] => book1-2
            [created_at] => 2017-04-04 12:33:32
            [modified_at] => 2017-04-04 12:33:32
        )

    [User] => Array
        (
            [id] => 1
            [name] => marin
            [created_at] => 2017-04-04 14:52:09
            [modified_at] => 2017-04-04 14:52:09
        )

)

[2017-04-12 09:01:37.08226]  BaseModel::find() data:Array
(
    [Book] => Array
        (
            [id] => 7
            [user_id] => 1
            [name] => book1-3
            [created_at] => 2017-04-04 12:33:32
            [modified_at] => 2017-04-04 12:33:32
        )

    [User] => Array
        (
            [id] => 1
            [name] => marin
            [created_at] => 2017-04-04 14:52:09
            [modified_at] => 2017-04-04 14:52:09
        )

)

[2017-04-12 09:01:37.08248]  BaseModel::find() data:Array
(
    [Book] => Array
        (
            [id] => 8
            [user_id] => 2
            [name] => book2-1
            [created_at] => 2017-04-04 12:33:32
            [modified_at] => 2017-04-04 12:33:32
        )

    [User] => Array
        (
            [id] => 2
            [name] => k_sato
            [created_at] => 2017-03-20 17:44:02
            [modified_at] => 2017-03-20 17:44:02
        )

)

[2017-04-12 09:01:37.08284]  BaseModel::find() data:Array
(
    [Book] => Array
        (
            [id] => 9
            [user_id] => 2
            [name] => book2-2
            [created_at] => 2017-04-04 12:33:32
            [modified_at] => 2017-04-04 12:33:32
        )

    [User] => Array
        (
            [id] => 2
            [name] => k_sato
            [created_at] => 2017-03-20 17:44:02
            [modified_at] => 2017-03-20 17:44:02
        )

)

[2017-04-12 09:01:37.08321]  BaseModel::find() data:Array
(
    [Book] => Array
        (
            [id] => 10
            [user_id] => 2
            [name] => book2-3
            [created_at] => 2017-04-04 12:33:32
            [modified_at] => 2017-04-04 12:33:32
        )

    [User] => Array
        (
            [id] => 2
            [name] => k_sato
            [created_at] => 2017-03-20 17:44:02
            [modified_at] => 2017-03-20 17:44:02
        )

)

[2017-04-12 09:01:37.08368]  BaseModel::find() data:Array
(
    [Book] => Array
        (
            [id] => 11
            [user_id] => 3
            [name] => book3-1
            [created_at] => 2017-04-04 12:33:32
            [modified_at] => 2017-04-04 12:33:32
        )

    [User] => Array
        (
            [id] => 3
            [name] => susanoo
            [created_at] => 2017-03-20 17:44:10
            [modified_at] => 2017-03-20 17:44:10
        )

)

[2017-04-12 09:01:37.08413]  BaseModel::find() data:Array
(
    [Book] => Array
        (
            [id] => 12
            [user_id] => 3
            [name] => book3-2
            [created_at] => 2017-04-04 12:33:32
            [modified_at] => 2017-04-04 12:33:32
        )

    [User] => Array
        (
            [id] => 3
            [name] => susanoo
            [created_at] => 2017-03-20 17:44:10
            [modified_at] => 2017-03-20 17:44:10
        )

)

[2017-04-12 09:01:37.08449]  BaseModel::find() data:Array
(
    [Book] => Array
        (
            [id] => 13
            [user_id] => 3
            [name] => book3-3
            [created_at] => 2017-04-04 12:33:32
            [modified_at] => 2017-04-04 12:33:32
        )

    [User] => Array
        (
            [id] => 3
            [name] => susanoo
            [created_at] => 2017-03-20 17:44:10
            [modified_at] => 2017-03-20 17:44:10
        )

)

[2017-04-12 09:01:37.08514]  BaseModel::find() data:Array
(
    [Book] => Array
        (
            [id] => 14
            [user_id] => 1
            [name] => book1-4
            [created_at] => 2017-04-05 00:00:29
            [modified_at] => 2017-04-05 00:00:29
        )

    [User] => Array
        (
            [id] => 1
            [name] => marin
            [created_at] => 2017-04-04 14:52:09
            [modified_at] => 2017-04-04 14:52:09
        )

)

[2017-04-12 09:01:37.08555]  BaseModel::find() data:Array
(
    [Book] => Array
        (
            [id] => 15
            [user_id] => 1
            [name] => book3-5
            [created_at] => 2017-04-05 00:00:29
            [modified_at] => 2017-04-05 00:00:29
        )

    [User] => Array
        (
            [id] => 1
            [name] => marin
            [created_at] => 2017-04-04 14:52:09
            [modified_at] => 2017-04-04 14:52:09
        )

)

[2017-04-12 09:01:37.08593]  BaseModel::find() data:Array
(
    [Book] => Array
        (
            [id] => 16
            [user_id] => 1
            [name] => book1-6
            [created_at] => 2017-04-05 00:00:29
            [modified_at] => 2017-04-05 00:00:29
        )

    [User] => Array
        (
            [id] => 1
            [name] => marin
            [created_at] => 2017-04-04 14:52:09
            [modified_at] => 2017-04-04 14:52:09
        )

)

[2017-04-12 09:01:37.00863]  BaseModel::find() data:Array
(
    [Book] => Array
        (
            [id] => 17
            [user_id] => 2
            [name] => book2-4
            [created_at] => 2017-04-05 00:00:29
            [modified_at] => 2017-04-05 00:00:29
        )

    [User] => Array
        (
            [id] => 2
            [name] => k_sato
            [created_at] => 2017-03-20 17:44:02
            [modified_at] => 2017-03-20 17:44:02
        )

)

[2017-04-12 09:01:37.08666]  BaseModel::find() data:Array
(
    [Book] => Array
        (
            [id] => 18
            [user_id] => 2
            [name] => book2-5
            [created_at] => 2017-04-05 00:00:29
            [modified_at] => 2017-04-05 00:00:29
        )

    [User] => Array
        (
            [id] => 2
            [name] => k_sato
            [created_at] => 2017-03-20 17:44:02
            [modified_at] => 2017-03-20 17:44:02
        )

)

[2017-04-12 09:01:37.08701]  BaseModel::find() data:Array
(
    [Book] => Array
        (
            [id] => 19
            [user_id] => 2
            [name] => book2-6
            [created_at] => 2017-04-05 00:00:29
            [modified_at] => 2017-04-05 00:00:29
        )

    [User] => Array
        (
            [id] => 2
            [name] => k_sato
            [created_at] => 2017-03-20 17:44:02
            [modified_at] => 2017-03-20 17:44:02
        )

)

[2017-04-12 09:01:37.08741]  BaseModel::find() data:Array
(
    [Book] => Array
        (
            [id] => 20
            [user_id] => 3
            [name] => book3-4
            [created_at] => 2017-04-05 00:00:29
            [modified_at] => 2017-04-05 00:00:29
        )

    [User] => Array
        (
            [id] => 3
            [name] => susanoo
            [created_at] => 2017-03-20 17:44:10
            [modified_at] => 2017-03-20 17:44:10
        )

)

[2017-04-12 09:01:37.00878]  BaseModel::find() data:Array
(
    [Book] => Array
        (
            [id] => 21
            [user_id] => 3
            [name] => book3-5
            [created_at] => 2017-04-05 00:00:29
            [modified_at] => 2017-04-05 00:00:29
        )

    [User] => Array
        (
            [id] => 3
            [name] => susanoo
            [created_at] => 2017-03-20 17:44:10
            [modified_at] => 2017-03-20 17:44:10
        )

)

[2017-04-12 09:01:37.08818]  BaseModel::find() data:Array
(
    [Book] => Array
        (
            [id] => 22
            [user_id] => 3
            [name] => book3-6
            [created_at] => 2017-04-05 00:00:29
            [modified_at] => 2017-04-05 00:00:29
        )

    [User] => Array
        (
            [id] => 3
            [name] => susanoo
            [created_at] => 2017-03-20 17:44:10
            [modified_at] => 2017-03-20 17:44:10
        )

)

[2017-04-12 09:01:37.08863]  BaseModel::find() primary_keys:Array
(
    [0] => 5
    [1] => 6
    [2] => 7
    [3] => 8
    [4] => 9
    [5] => 10
    [6] => 11
    [7] => 12
    [8] => 13
    [9] => 14
    [10] => 15
    [11] => 16
    [12] => 17
    [13] => 18
    [14] => 19
    [15] => 20
    [16] => 21
    [17] => 22
)

[2017-04-12 09:01:37.08966]  BaseModel::find() datas:Array
(
    [5] => Array
        (
            [Book] => Array
                (
                    [id] => 5
                    [user_id] => 1
                    [name] => book1-1
                    [created_at] => 2017-04-04 12:33:32
                    [modified_at] => 2017-04-04 12:33:32
                )

            [User] => Array
                (
                    [id] => 1
                    [name] => marin
                    [created_at] => 2017-04-04 14:52:09
                    [modified_at] => 2017-04-04 14:52:09
                )

        )

    [6] => Array
        (
            [Book] => Array
                (
                    [id] => 6
                    [user_id] => 1
                    [name] => book1-2
                    [created_at] => 2017-04-04 12:33:32
                    [modified_at] => 2017-04-04 12:33:32
                )

            [User] => Array
                (
                    [id] => 1
                    [name] => marin
                    [created_at] => 2017-04-04 14:52:09
                    [modified_at] => 2017-04-04 14:52:09
                )

        )

    [7] => Array
        (
            [Book] => Array
                (
                    [id] => 7
                    [user_id] => 1
                    [name] => book1-3
                    [created_at] => 2017-04-04 12:33:32
                    [modified_at] => 2017-04-04 12:33:32
                )

            [User] => Array
                (
                    [id] => 1
                    [name] => marin
                    [created_at] => 2017-04-04 14:52:09
                    [modified_at] => 2017-04-04 14:52:09
                )

        )

    [8] => Array
        (
            [Book] => Array
                (
                    [id] => 8
                    [user_id] => 2
                    [name] => book2-1
                    [created_at] => 2017-04-04 12:33:32
                    [modified_at] => 2017-04-04 12:33:32
                )

            [User] => Array
                (
                    [id] => 2
                    [name] => k_sato
                    [created_at] => 2017-03-20 17:44:02
                    [modified_at] => 2017-03-20 17:44:02
                )

        )

    [9] => Array
        (
            [Book] => Array
                (
                    [id] => 9
                    [user_id] => 2
                    [name] => book2-2
                    [created_at] => 2017-04-04 12:33:32
                    [modified_at] => 2017-04-04 12:33:32
                )

            [User] => Array
                (
                    [id] => 2
                    [name] => k_sato
                    [created_at] => 2017-03-20 17:44:02
                    [modified_at] => 2017-03-20 17:44:02
                )

        )

    [10] => Array
        (
            [Book] => Array
                (
                    [id] => 10
                    [user_id] => 2
                    [name] => book2-3
                    [created_at] => 2017-04-04 12:33:32
                    [modified_at] => 2017-04-04 12:33:32
                )

            [User] => Array
                (
                    [id] => 2
                    [name] => k_sato
                    [created_at] => 2017-03-20 17:44:02
                    [modified_at] => 2017-03-20 17:44:02
                )

        )

    [11] => Array
        (
            [Book] => Array
                (
                    [id] => 11
                    [user_id] => 3
                    [name] => book3-1
                    [created_at] => 2017-04-04 12:33:32
                    [modified_at] => 2017-04-04 12:33:32
                )

            [User] => Array
                (
                    [id] => 3
                    [name] => susanoo
                    [created_at] => 2017-03-20 17:44:10
                    [modified_at] => 2017-03-20 17:44:10
                )

        )

    [12] => Array
        (
            [Book] => Array
                (
                    [id] => 12
                    [user_id] => 3
                    [name] => book3-2
                    [created_at] => 2017-04-04 12:33:32
                    [modified_at] => 2017-04-04 12:33:32
                )

            [User] => Array
                (
                    [id] => 3
                    [name] => susanoo
                    [created_at] => 2017-03-20 17:44:10
                    [modified_at] => 2017-03-20 17:44:10
                )

        )

    [13] => Array
        (
            [Book] => Array
                (
                    [id] => 13
                    [user_id] => 3
                    [name] => book3-3
                    [created_at] => 2017-04-04 12:33:32
                    [modified_at] => 2017-04-04 12:33:32
                )

            [User] => Array
                (
                    [id] => 3
                    [name] => susanoo
                    [created_at] => 2017-03-20 17:44:10
                    [modified_at] => 2017-03-20 17:44:10
                )

        )

    [14] => Array
        (
            [Book] => Array
                (
                    [id] => 14
                    [user_id] => 1
                    [name] => book1-4
                    [created_at] => 2017-04-05 00:00:29
                    [modified_at] => 2017-04-05 00:00:29
                )

            [User] => Array
                (
                    [id] => 1
                    [name] => marin
                    [created_at] => 2017-04-04 14:52:09
                    [modified_at] => 2017-04-04 14:52:09
                )

        )

    [15] => Array
        (
            [Book] => Array
                (
                    [id] => 15
                    [user_id] => 1
                    [name] => book3-5
                    [created_at] => 2017-04-05 00:00:29
                    [modified_at] => 2017-04-05 00:00:29
                )

            [User] => Array
                (
                    [id] => 1
                    [name] => marin
                    [created_at] => 2017-04-04 14:52:09
                    [modified_at] => 2017-04-04 14:52:09
                )

        )

    [16] => Array
        (
            [Book] => Array
                (
                    [id] => 16
                    [user_id] => 1
                    [name] => book1-6
                    [created_at] => 2017-04-05 00:00:29
                    [modified_at] => 2017-04-05 00:00:29
                )

            [User] => Array
                (
                    [id] => 1
                    [name] => marin
                    [created_at] => 2017-04-04 14:52:09
                    [modified_at] => 2017-04-04 14:52:09
                )

        )

    [17] => Array
        (
            [Book] => Array
                (
                    [id] => 17
                    [user_id] => 2
                    [name] => book2-4
                    [created_at] => 2017-04-05 00:00:29
                    [modified_at] => 2017-04-05 00:00:29
                )

            [User] => Array
                (
                    [id] => 2
                    [name] => k_sato
                    [created_at] => 2017-03-20 17:44:02
                    [modified_at] => 2017-03-20 17:44:02
                )

        )

    [18] => Array
        (
            [Book] => Array
                (
                    [id] => 18
                    [user_id] => 2
                    [name] => book2-5
                    [created_at] => 2017-04-05 00:00:29
                    [modified_at] => 2017-04-05 00:00:29
                )

            [User] => Array
                (
                    [id] => 2
                    [name] => k_sato
                    [created_at] => 2017-03-20 17:44:02
                    [modified_at] => 2017-03-20 17:44:02
                )

        )

    [19] => Array
        (
            [Book] => Array
                (
                    [id] => 19
                    [user_id] => 2
                    [name] => book2-6
                    [created_at] => 2017-04-05 00:00:29
                    [modified_at] => 2017-04-05 00:00:29
                )

            [User] => Array
                (
                    [id] => 2
                    [name] => k_sato
                    [created_at] => 2017-03-20 17:44:02
                    [modified_at] => 2017-03-20 17:44:02
                )

        )

    [20] => Array
        (
            [Book] => Array
                (
                    [id] => 20
                    [user_id] => 3
                    [name] => book3-4
                    [created_at] => 2017-04-05 00:00:29
                    [modified_at] => 2017-04-05 00:00:29
                )

            [User] => Array
                (
                    [id] => 3
                    [name] => susanoo
                    [created_at] => 2017-03-20 17:44:10
                    [modified_at] => 2017-03-20 17:44:10
                )

        )

    [21] => Array
        (
            [Book] => Array
                (
                    [id] => 21
                    [user_id] => 3
                    [name] => book3-5
                    [created_at] => 2017-04-05 00:00:29
                    [modified_at] => 2017-04-05 00:00:29
                )

            [User] => Array
                (
                    [id] => 3
                    [name] => susanoo
                    [created_at] => 2017-03-20 17:44:10
                    [modified_at] => 2017-03-20 17:44:10
                )

        )

    [22] => Array
        (
            [Book] => Array
                (
                    [id] => 22
                    [user_id] => 3
                    [name] => book3-6
                    [created_at] => 2017-04-05 00:00:29
                    [modified_at] => 2017-04-05 00:00:29
                )

            [User] => Array
                (
                    [id] => 3
                    [name] => susanoo
                    [created_at] => 2017-03-20 17:44:10
                    [modified_at] => 2017-03-20 17:44:10
                )

        )

)

[2017-04-12 09:01:37.09064]  BooksController::index() request:Array
(
)

[2017-04-12 09:08:18.05799]  Route::setDefaultRoutes() Start
[2017-04-12 09:08:18.05873]  Route::setDefaultRoutes() controller:Base
[2017-04-12 09:08:18.05907]  Route::setDefaultRoutes() uri:/Base/index/
[2017-04-12 09:08:18.05951]  Route::setDefaultRoutes() uri:/Base/new/ID
[2017-04-12 09:08:18.05996]  Route::setDefaultRoutes() uri:/Base/edit/ID
[2017-04-12 09:08:18.06037]  Route::setDefaultRoutes() uri:/Base/create/
[2017-04-12 09:08:18.06076]  Route::setDefaultRoutes() uri:/Base/confirm/
[2017-04-12 09:08:18.06114]  Route::setDefaultRoutes() uri:/Base/show/ID
[2017-04-12 09:08:18.06161]  Route::setDefaultRoutes() uri:/Base/delete/ID
[2017-04-12 09:08:18.06198]  Route::setDefaultRoutes() controller:Books
[2017-04-12 09:08:18.06236]  Route::setDefaultRoutes() uri:/Books/index/
[2017-04-12 09:08:18.06273]  Route::setDefaultRoutes() uri:/Books/new/ID
[2017-04-12 09:08:18.06315]  Route::setDefaultRoutes() uri:/Books/edit/ID
[2017-04-12 09:08:18.06353]  Route::setDefaultRoutes() uri:/Books/create/
[2017-04-12 09:08:18.06394]  Route::setDefaultRoutes() uri:/Books/confirm/
[2017-04-12 09:08:18.06437]  Route::setDefaultRoutes() uri:/Books/show/ID
[2017-04-12 09:08:18.06478]  Route::setDefaultRoutes() uri:/Books/delete/ID
[2017-04-12 09:08:18.06519]  Route::setDefaultRoutes() controller:Default
[2017-04-12 09:08:18.06557]  Route::setDefaultRoutes() uri:/Default/index/
[2017-04-12 09:08:18.06595]  Route::setDefaultRoutes() uri:/Default/new/ID
[2017-04-12 09:08:18.06642]  Route::setDefaultRoutes() uri:/Default/edit/ID
[2017-04-12 09:08:18.06679]  Route::setDefaultRoutes() uri:/Default/create/
[2017-04-12 09:08:18.06721]  Route::setDefaultRoutes() uri:/Default/confirm/
[2017-04-12 09:08:18.06766]  Route::setDefaultRoutes() uri:/Default/show/ID
[2017-04-12 09:08:18.06971]  Route::setDefaultRoutes() uri:/Default/delete/ID
[2017-04-12 09:08:18.07039]  Route::setDefaultRoutes() controller:Users
[2017-04-12 09:08:18.00708]  Route::setDefaultRoutes() uri:/Users/index/
[2017-04-12 09:08:18.07122]  Route::setDefaultRoutes() uri:/Users/new/ID
[2017-04-12 09:08:18.00716]  Route::setDefaultRoutes() uri:/Users/edit/ID
[2017-04-12 09:08:18.07201]  Route::setDefaultRoutes() uri:/Users/create/
[2017-04-12 09:08:18.07249]  Route::setDefaultRoutes() uri:/Users/confirm/
[2017-04-12 09:08:18.07287]  Route::setDefaultRoutes() uri:/Users/show/ID
[2017-04-12 09:08:18.07352]  Route::setDefaultRoutes() uri:/Users/delete/ID
[2017-04-12 09:08:18.07399]  Route::setDefaultRoutes() setRoute
[2017-04-12 09:08:18.07438]  Route::setDefaultRoutes() setRoute
[2017-04-12 09:08:18.07507]  Dispatcher::__construct()
[2017-04-12 09:08:18.07529]  ENV:Array
(
    [USER] => satokadumasa
    [HOME] => /Users/satokadumasa
    [FCGI_ROLE] => RESPONDER
    [SCRIPT_FILENAME] => /Users/satokadumasa/Project/PHP/strangerphp/public/index.php
    [QUERY_STRING] => 
    [REQUEST_METHOD] => POST
    [CONTENT_TYPE] => application/x-www-form-urlencoded
    [CONTENT_LENGTH] => 90
    [SCRIPT_NAME] => /index.php
    [REQUEST_URI] => /Users/create/
    [DOCUMENT_URI] => /index.php
    [DOCUMENT_ROOT] => /Users/satokadumasa/Project/PHP/strangerphp/public
    [SERVER_PROTOCOL] => HTTP/1.1
    [REQUEST_SCHEME] => http
    [GATEWAY_INTERFACE] => CGI/1.1
    [SERVER_SOFTWARE] => nginx/1.10.1
    [REMOTE_ADDR] => 127.0.0.1
    [REMOTE_PORT] => 63314
    [SERVER_ADDR] => 127.0.0.1
    [SERVER_PORT] => 80
    [SERVER_NAME] => cinnamon.example.com
    [REDIRECT_STATUS] => 200
    [HTTP_HOST] => cinnamon.example.com
    [HTTP_CONNECTION] => keep-alive
    [HTTP_CONTENT_LENGTH] => 90
    [HTTP_CACHE_CONTROL] => max-age=0
    [HTTP_ORIGIN] => http://cinnamon.example.com
    [HTTP_UPGRADE_INSECURE_REQUESTS] => 1
    [HTTP_USER_AGENT] => Mozilla/5.0 (Macintosh; Intel Mac OS X 10_12_3) AppleWebKit/537.36 (KHTML, like Gecko) Chrome/57.0.2987.133 Safari/537.36
    [HTTP_CONTENT_TYPE] => application/x-www-form-urlencoded
    [HTTP_ACCEPT] => text/html,application/xhtml+xml,application/xml;q=0.9,image/webp,*/*;q=0.8
    [HTTP_REFERER] => http://cinnamon.example.com/user_new.html
    [HTTP_ACCEPT_ENCODING] => gzip, deflate
    [HTTP_ACCEPT_LANGUAGE] => ja,en-US;q=0.8,en;q=0.6
    [PHP_SELF] => /index.php
    [REQUEST_TIME_FLOAT] => 1491955698.5684
    [REQUEST_TIME] => 1491955698
)

[2017-04-12 09:08:18.07573]  routes:Route Object
(
    [route] => Array
        (
            [/Base/index/] => Array
                (
                    [controller] => BaseController
                    [action] => index
                )

            [/Base/new/ID] => Array
                (
                    [controller] => BaseController
                    [action] => new
                )

            [/Base/edit/ID] => Array
                (
                    [controller] => BaseController
                    [action] => edit
                )

            [/Base/create/] => Array
                (
                    [controller] => BaseController
                    [action] => create
                )

            [/Base/confirm/] => Array
                (
                    [controller] => BaseController
                    [action] => confirm
                )

            [/Base/show/ID] => Array
                (
                    [controller] => BaseController
                    [action] => show
                )

            [/Base/delete/ID] => Array
                (
                    [controller] => BaseController
                    [action] => delete
                )

            [/Books/index/] => Array
                (
                    [controller] => BooksController
                    [action] => index
                )

            [/Books/new/ID] => Array
                (
                    [controller] => BooksController
                    [action] => new
                )

            [/Books/edit/ID] => Array
                (
                    [controller] => BooksController
                    [action] => edit
                )

            [/Books/create/] => Array
                (
                    [controller] => BooksController
                    [action] => create
                )

            [/Books/confirm/] => Array
                (
                    [controller] => BooksController
                    [action] => confirm
                )

            [/Books/show/ID] => Array
                (
                    [controller] => BooksController
                    [action] => show
                )

            [/Books/delete/ID] => Array
                (
                    [controller] => BooksController
                    [action] => delete
                )

            [/Default/index/] => Array
                (
                    [controller] => DefaultController
                    [action] => index
                )

            [/Default/new/ID] => Array
                (
                    [controller] => DefaultController
                    [action] => new
                )

            [/Default/edit/ID] => Array
                (
                    [controller] => DefaultController
                    [action] => edit
                )

            [/Default/create/] => Array
                (
                    [controller] => DefaultController
                    [action] => create
                )

            [/Default/confirm/] => Array
                (
                    [controller] => DefaultController
                    [action] => confirm
                )

            [/Default/show/ID] => Array
                (
                    [controller] => DefaultController
                    [action] => show
                )

            [/Default/delete/ID] => Array
                (
                    [controller] => DefaultController
                    [action] => delete
                )

            [/Users/index/] => Array
                (
                    [controller] => UsersController
                    [action] => index
                )

            [/Users/new/ID] => Array
                (
                    [controller] => UsersController
                    [action] => new
                )

            [/Users/edit/ID] => Array
                (
                    [controller] => UsersController
                    [action] => edit
                )

            [/Users/create/] => Array
                (
                    [controller] => UsersController
                    [action] => create
                )

            [/Users/confirm/] => Array
                (
                    [controller] => UsersController
                    [action] => confirm
                )

            [/Users/show/ID] => Array
                (
                    [controller] => UsersController
                    [action] => show
                )

            [/Users/delete/ID] => Array
                (
                    [controller] => UsersController
                    [action] => delete
                )

            [/Users/search/] => Array
                (
                    [controller] => Users
                    [action] => search
                )

        )

    [default_actions:Route:private] => Array
        (
            [0] => index
            [1] => new
            [2] => edit
            [3] => create
            [4] => confirm
            [5] => show
            [6] => delete
        )

    [default_need_id_actions:Route:private] => Array
        (
            [0] => new
            [1] => edit
            [2] => show
            [3] => delete
        )

    [url_not_found:Route:private] => Array
        (
            [controller] => DefaultController
            [action] => index
        )

    [error_log] => Logger Object
        (
            [log_file:Logger:private] => /Users/satokadumasa/Project/PHP/strangerphp/logs/ERROR_20170412.log
            [log_level:Logger:private] => ERROR
        )

    [info_log] => Logger Object
        (
            [log_file:Logger:private] => /Users/satokadumasa/Project/PHP/strangerphp/logs/INFO_20170412.log
            [log_level:Logger:private] => INFO
        )

    [debug] => Logger Object
        (
            [log_file:Logger:private] => /Users/satokadumasa/Project/PHP/strangerphp/logs/DEBUG_20170412.log
            [log_level:Logger:private] => DEBUG
        )

    [CONV_STRING_LIST:Route:private] => Array
        (
            [ID] => \d
            [YEAR] => \d{4}
            [MONTH] => \d{2}
            [0] => MDAY
            [1] => \d{2}
        )

)

[2017-04-12 09:08:18.07613]  Route::findRoute() url:/Users/create/
[2017-04-12 09:08:18.07658]  Route::findRoute() value:\/Users\/create\/>>>>value:Array
(
    [controller] => UsersController
    [action] => create
    [uri] => /Users/create/
)

[2017-04-12 09:08:18.07698]  Dispatcher::__construct() controller:UsersController:
[2017-04-12 09:08:18.07745]  Dispatcher::__construct() POST:Array
(
    [User] => Array
        (
            [name] => susanoo1970
            [Book] => Array
                (
                    [name] => gggggg
                )

        )

    [bottom] => 
)
:
[2017-04-12 09:08:18.07786]  Dispatcher::__construct() GET:Array
(
)
:
[2017-04-12 09:08:18.07834]  Dispatcher::__construct() route:Array
(
    [controller] => UsersController
    [action] => create
    [uri] => /Users/create/
)
:
[2017-04-12 09:09:12.04635]  Route::setDefaultRoutes() Start
[2017-04-12 09:09:12.04673]  Route::setDefaultRoutes() controller:Base
[2017-04-12 09:09:12.04754]  Route::setDefaultRoutes() uri:/Base/index/
[2017-04-12 09:09:12.04825]  Route::setDefaultRoutes() uri:/Base/new/ID
[2017-04-12 09:09:12.04879]  Route::setDefaultRoutes() uri:/Base/edit/ID
[2017-04-12 09:09:12.04933]  Route::setDefaultRoutes() uri:/Base/create/
[2017-04-12 09:09:12.04979]  Route::setDefaultRoutes() uri:/Base/confirm/
[2017-04-12 09:09:12.05032]  Route::setDefaultRoutes() uri:/Base/show/ID
[2017-04-12 09:09:12.05075]  Route::setDefaultRoutes() uri:/Base/delete/ID
[2017-04-12 09:09:12.05115]  Route::setDefaultRoutes() controller:Books
[2017-04-12 09:09:12.05153]  Route::setDefaultRoutes() uri:/Books/index/
[2017-04-12 09:09:12.05199]  Route::setDefaultRoutes() uri:/Books/new/ID
[2017-04-12 09:09:12.05238]  Route::setDefaultRoutes() uri:/Books/edit/ID
[2017-04-12 09:09:12.05276]  Route::setDefaultRoutes() uri:/Books/create/
[2017-04-12 09:09:12.05315]  Route::setDefaultRoutes() uri:/Books/confirm/
[2017-04-12 09:09:12.05361]  Route::setDefaultRoutes() uri:/Books/show/ID
[2017-04-12 09:09:12.00054]  Route::setDefaultRoutes() uri:/Books/delete/ID
[2017-04-12 09:09:12.05438]  Route::setDefaultRoutes() controller:Default
[2017-04-12 09:09:12.05477]  Route::setDefaultRoutes() uri:/Default/index/
[2017-04-12 09:09:12.05516]  Route::setDefaultRoutes() uri:/Default/new/ID
[2017-04-12 09:09:12.00556]  Route::setDefaultRoutes() uri:/Default/edit/ID
[2017-04-12 09:09:12.05602]  Route::setDefaultRoutes() uri:/Default/create/
[2017-04-12 09:09:12.05641]  Route::setDefaultRoutes() uri:/Default/confirm/
[2017-04-12 09:09:12.00568]  Route::setDefaultRoutes() uri:/Default/show/ID
[2017-04-12 09:09:12.05718]  Route::setDefaultRoutes() uri:/Default/delete/ID
[2017-04-12 09:09:12.05757]  Route::setDefaultRoutes() controller:Users
[2017-04-12 09:09:12.05801]  Route::setDefaultRoutes() uri:/Users/index/
[2017-04-12 09:09:12.05842]  Route::setDefaultRoutes() uri:/Users/new/ID
[2017-04-12 09:09:12.05883]  Route::setDefaultRoutes() uri:/Users/edit/ID
[2017-04-12 09:09:12.05928]  Route::setDefaultRoutes() uri:/Users/create/
[2017-04-12 09:09:12.00597]  Route::setDefaultRoutes() uri:/Users/confirm/
[2017-04-12 09:09:12.00601]  Route::setDefaultRoutes() uri:/Users/show/ID
[2017-04-12 09:09:12.06054]  Route::setDefaultRoutes() uri:/Users/delete/ID
[2017-04-12 09:09:12.06097]  Route::setDefaultRoutes() setRoute
[2017-04-12 09:09:12.06136]  Route::setDefaultRoutes() setRoute
[2017-04-12 09:09:12.00618]  Dispatcher::__construct()
[2017-04-12 09:09:12.00622]  ENV:Array
(
    [USER] => satokadumasa
    [HOME] => /Users/satokadumasa
    [FCGI_ROLE] => RESPONDER
    [SCRIPT_FILENAME] => /Users/satokadumasa/Project/PHP/strangerphp/public/index.php
    [QUERY_STRING] => 
    [REQUEST_METHOD] => POST
    [CONTENT_TYPE] => application/x-www-form-urlencoded
    [CONTENT_LENGTH] => 90
    [SCRIPT_NAME] => /index.php
    [REQUEST_URI] => /Users/create/
    [DOCUMENT_URI] => /index.php
    [DOCUMENT_ROOT] => /Users/satokadumasa/Project/PHP/strangerphp/public
    [SERVER_PROTOCOL] => HTTP/1.1
    [REQUEST_SCHEME] => http
    [GATEWAY_INTERFACE] => CGI/1.1
    [SERVER_SOFTWARE] => nginx/1.10.1
    [REMOTE_ADDR] => 127.0.0.1
    [REMOTE_PORT] => 63314
    [SERVER_ADDR] => 127.0.0.1
    [SERVER_PORT] => 80
    [SERVER_NAME] => cinnamon.example.com
    [REDIRECT_STATUS] => 200
    [HTTP_HOST] => cinnamon.example.com
    [HTTP_CONNECTION] => keep-alive
    [HTTP_CONTENT_LENGTH] => 90
    [HTTP_CACHE_CONTROL] => max-age=0
    [HTTP_ORIGIN] => http://cinnamon.example.com
    [HTTP_UPGRADE_INSECURE_REQUESTS] => 1
    [HTTP_USER_AGENT] => Mozilla/5.0 (Macintosh; Intel Mac OS X 10_12_3) AppleWebKit/537.36 (KHTML, like Gecko) Chrome/57.0.2987.133 Safari/537.36
    [HTTP_CONTENT_TYPE] => application/x-www-form-urlencoded
    [HTTP_ACCEPT] => text/html,application/xhtml+xml,application/xml;q=0.9,image/webp,*/*;q=0.8
    [HTTP_REFERER] => http://cinnamon.example.com/user_new.html
    [HTTP_ACCEPT_ENCODING] => gzip, deflate
    [HTTP_ACCEPT_LANGUAGE] => ja,en-US;q=0.8,en;q=0.6
    [PHP_SELF] => /index.php
    [REQUEST_TIME_FLOAT] => 1491955752.4614
    [REQUEST_TIME] => 1491955752
)

[2017-04-12 09:09:12.06261]  routes:Route Object
(
    [route] => Array
        (
            [/Base/index/] => Array
                (
                    [controller] => BaseController
                    [action] => index
                )

            [/Base/new/ID] => Array
                (
                    [controller] => BaseController
                    [action] => new
                )

            [/Base/edit/ID] => Array
                (
                    [controller] => BaseController
                    [action] => edit
                )

            [/Base/create/] => Array
                (
                    [controller] => BaseController
                    [action] => create
                )

            [/Base/confirm/] => Array
                (
                    [controller] => BaseController
                    [action] => confirm
                )

            [/Base/show/ID] => Array
                (
                    [controller] => BaseController
                    [action] => show
                )

            [/Base/delete/ID] => Array
                (
                    [controller] => BaseController
                    [action] => delete
                )

            [/Books/index/] => Array
                (
                    [controller] => BooksController
                    [action] => index
                )

            [/Books/new/ID] => Array
                (
                    [controller] => BooksController
                    [action] => new
                )

            [/Books/edit/ID] => Array
                (
                    [controller] => BooksController
                    [action] => edit
                )

            [/Books/create/] => Array
                (
                    [controller] => BooksController
                    [action] => create
                )

            [/Books/confirm/] => Array
                (
                    [controller] => BooksController
                    [action] => confirm
                )

            [/Books/show/ID] => Array
                (
                    [controller] => BooksController
                    [action] => show
                )

            [/Books/delete/ID] => Array
                (
                    [controller] => BooksController
                    [action] => delete
                )

            [/Default/index/] => Array
                (
                    [controller] => DefaultController
                    [action] => index
                )

            [/Default/new/ID] => Array
                (
                    [controller] => DefaultController
                    [action] => new
                )

            [/Default/edit/ID] => Array
                (
                    [controller] => DefaultController
                    [action] => edit
                )

            [/Default/create/] => Array
                (
                    [controller] => DefaultController
                    [action] => create
                )

            [/Default/confirm/] => Array
                (
                    [controller] => DefaultController
                    [action] => confirm
                )

            [/Default/show/ID] => Array
                (
                    [controller] => DefaultController
                    [action] => show
                )

            [/Default/delete/ID] => Array
                (
                    [controller] => DefaultController
                    [action] => delete
                )

            [/Users/index/] => Array
                (
                    [controller] => UsersController
                    [action] => index
                )

            [/Users/new/ID] => Array
                (
                    [controller] => UsersController
                    [action] => new
                )

            [/Users/edit/ID] => Array
                (
                    [controller] => UsersController
                    [action] => edit
                )

            [/Users/create/] => Array
                (
                    [controller] => UsersController
                    [action] => create
                )

            [/Users/confirm/] => Array
                (
                    [controller] => UsersController
                    [action] => confirm
                )

            [/Users/show/ID] => Array
                (
                    [controller] => UsersController
                    [action] => show
                )

            [/Users/delete/ID] => Array
                (
                    [controller] => UsersController
                    [action] => delete
                )

            [/Users/search/] => Array
                (
                    [controller] => Users
                    [action] => search
                )

        )

    [default_actions:Route:private] => Array
        (
            [0] => index
            [1] => new
            [2] => edit
            [3] => create
            [4] => confirm
            [5] => show
            [6] => delete
        )

    [default_need_id_actions:Route:private] => Array
        (
            [0] => new
            [1] => edit
            [2] => show
            [3] => delete
        )

    [url_not_found:Route:private] => Array
        (
            [controller] => DefaultController
            [action] => index
        )

    [error_log] => Logger Object
        (
            [log_file:Logger:private] => /Users/satokadumasa/Project/PHP/strangerphp/logs/ERROR_20170412.log
            [log_level:Logger:private] => ERROR
        )

    [info_log] => Logger Object
        (
            [log_file:Logger:private] => /Users/satokadumasa/Project/PHP/strangerphp/logs/INFO_20170412.log
            [log_level:Logger:private] => INFO
        )

    [debug] => Logger Object
        (
            [log_file:Logger:private] => /Users/satokadumasa/Project/PHP/strangerphp/logs/DEBUG_20170412.log
            [log_level:Logger:private] => DEBUG
        )

    [CONV_STRING_LIST:Route:private] => Array
        (
            [ID] => \d
            [YEAR] => \d{4}
            [MONTH] => \d{2}
            [0] => MDAY
            [1] => \d{2}
        )

)

[2017-04-12 09:09:12.06302]  Route::findRoute() url:/Users/create/
[2017-04-12 09:09:12.06346]  Route::findRoute() value:\/Users\/create\/>>>>value:Array
(
    [controller] => UsersController
    [action] => create
    [uri] => /Users/create/
)

[2017-04-12 09:09:12.06392]  Dispatcher::__construct() controller:UsersController:
[2017-04-12 09:09:12.06436]  Dispatcher::__construct() POST:Array
(
    [User] => Array
        (
            [name] => susanoo1970
            [Book] => Array
                (
                    [name] => gggggg
                )

        )

    [bottom] => 
)
:
[2017-04-12 09:09:12.00648]  Dispatcher::__construct() GET:Array
(
)
:
[2017-04-12 09:09:12.06545]  Dispatcher::__construct() route:Array
(
    [controller] => UsersController
    [action] => create
    [uri] => /Users/create/
)
:
[2017-04-12 09:09:12.06645]  DbConnect::createConnection() dsn:mysql:host=localhost;dbname=cinnamon;charset=utf8
[2017-04-12 09:09:12.06672]  DbConnect::createConnection() username:root
[2017-04-12 09:09:12.06718]  DbConnect::createConnection() password:glxre297
[2017-04-12 09:09:12.06766]  BaseController::getRequestValues() requestArray
(
    [User] => Array
        (
            [name] => susanoo1970
            [Book] => Array
                (
                    [name] => gggggg
                )

        )

    [bottom] => 
)

